TN:
SF:src\sum.js
FN:1,sum
FNF:1
FNH:1
FNDA:6,sum
DA:2,6
LF:1
LH:1
BRF:0
BRH:0
end_of_record
TN:
SF:src\components\button-close\button-close.jsx
FN:7,(anonymous_0)
FNF:1
FNH:1
FNDA:2,(anonymous_0)
DA:7,1
DA:13,2
DA:15,2
DA:27,1
DA:36,1
LF:5
LH:5
BRDA:20,0,0,1
BRDA:20,0,1,1
BRF:2
BRH:2
end_of_record
TN:
SF:src\components\button-close\index.js
FNF:0
FNH:0
LF:0
LH:0
BRF:0
BRH:0
end_of_record
TN:
SF:src\redux\reducer\reducerGenre.js
FN:1,(anonymous_0)
FNF:1
FNH:1
FNDA:6,(anonymous_0)
DA:1,1
DA:8,6
DA:10,1
DA:12,1
DA:14,1
DA:16,1
DA:18,1
DA:20,1
LF:8
LH:8
BRDA:2,0,0,1
BRDA:8,1,0,1
BRDA:8,1,1,1
BRDA:8,1,2,1
BRDA:8,1,3,1
BRDA:8,1,4,1
BRDA:8,1,5,1
BRF:7
BRH:7
end_of_record
